#
# There is insufficient memory for the Java Runtime Environment to continue.
# Native memory allocation (malloc) failed to allocate 309296 bytes for Chunk::new
# Possible reasons:
#   The system is out of physical RAM or swap space
#   The process is running with CompressedOops enabled, and the Java Heap may be blocking the growth of the native heap
# Possible solutions:
#   Reduce memory load on the system
#   Increase physical memory or swap space
#   Check if swap backing store is full
#   Decrease Java heap size (-Xmx/-Xms)
#   Decrease number of Java threads
#   Decrease Java thread stack sizes (-Xss)
#   Set larger code cache with -XX:ReservedCodeCacheSize=
#   JVM is running with Unscaled Compressed Oops mode in which the Java heap is
#     placed in the first 4GB address space. The Java Heap base address is the
#     maximum limit for the native heap growth. Please use -XX:HeapBaseMinAddress
#     to set the Java Heap base and to place the Java Heap above 4GB virtual address.
# This output file may be truncated or incomplete.
#
#  Out of Memory Error (arena.cpp:184), pid=8392, tid=16172
#
# JRE version: OpenJDK Runtime Environment (19.0+36) (build 19+36-2238)
# Java VM: OpenJDK 64-Bit Server VM (19+36-2238, mixed mode, sharing, tiered, compressed oops, compressed class ptrs, g1 gc, windows-amd64)
# No core dump will be written. Minidumps are not enabled by default on client versions of Windows
#

---------------  S U M M A R Y ------------

Command Line: -Dmaven.multiModuleProjectDirectory=E:\MyPlugin\mob_fan -Dmaven.home=C:\Program Files\JetBrains\IntelliJ IDEA Community Edition 2022.2.2\plugins\maven\lib\maven3 -Dclassworlds.conf=C:\Program Files\JetBrains\IntelliJ IDEA Community Edition 2022.2.2\plugins\maven\lib\maven3\bin\m2.conf -Dmaven.ext.class.path=C:\Program Files\JetBrains\IntelliJ IDEA Community Edition 2022.2.2\plugins\maven\lib\maven-event-listener.jar -javaagent:C:\Program Files\JetBrains\IntelliJ IDEA Community Edition 2022.2.2\lib\idea_rt.jar=61407:C:\Program Files\JetBrains\IntelliJ IDEA Community Edition 2022.2.2\bin -Dfile.encoding=UTF-8 -Dsun.stdout.encoding=UTF-8 -Dsun.stderr.encoding=UTF-8 org.codehaus.classworlds.Launcher -Didea.version=2022.2.2 clean package

Host: Intel(R) Core(TM) i7-4600U CPU @ 2.10GHz, 4 cores, 7G,  Windows 10 , 64 bit Build 19041 (10.0.19041.1889)
Time: Thu Oct 13 18:25:39 2022 Morocco Daylight Time elapsed time: 2.707264 seconds (0d 0h 0m 2s)

---------------  T H R E A D  ---------------

Current thread (0x00000140b436ac50):  JavaThread "C2 CompilerThread0" daemon [_thread_in_native, id=16172, stack(0x0000000b65300000,0x0000000b65400000)]


Current CompileTask:
C2:   2707 1189   !   4       sun.nio.cs.StreamDecoder::read (78 bytes)

Stack: [0x0000000b65300000,0x0000000b65400000]
Native frames: (J=compiled Java code, j=interpreted, Vv=VM code, C=native code)
V  [jvm.dll+0x6ee8fa]
V  [jvm.dll+0x857a1e]
V  [jvm.dll+0x85940e]
V  [jvm.dll+0x859ac3]
V  [jvm.dll+0x28291f]
V  [jvm.dll+0xc9b5f]
V  [jvm.dll+0xc9ee5]
V  [jvm.dll+0x2f7c6f]
V  [jvm.dll+0x5f0c5b]
V  [jvm.dll+0x2551fc]
V  [jvm.dll+0x24e097]
V  [jvm.dll+0x24b563]
V  [jvm.dll+0x1d6d61]
V  [jvm.dll+0x25b0fa]
V  [jvm.dll+0x259588]
V  [jvm.dll+0x807928]
V  [jvm.dll+0x8015fa]
V  [jvm.dll+0x6ed5eb]
C  [ucrtbase.dll+0x21bb2]
C  [KERNEL32.DLL+0x17034]
C  [ntdll.dll+0x526a1]


---------------  P R O C E S S  ---------------

Threads class SMR info:
_java_thread_list=0x00000140b86903e0, length=13, elements={
0x00000140963ff900, 0x00000140b4361ce0, 0x00000140b4362c70, 0x00000140b4368460,
0x00000140b4368d90, 0x00000140b43696c0, 0x00000140b4369ff0, 0x00000140b436ac50,
0x00000140b436cdf0, 0x00000140b43a9730, 0x00000140b858c2b0, 0x00000140b86c5a10,
0x00000140b86c9ed0
}

Java Threads: ( => current thread )
  0x00000140963ff900 JavaThread "main" [_thread_in_vm, id=1668, stack(0x0000000b64600000,0x0000000b64700000)]
  0x00000140b4361ce0 JavaThread "Reference Handler" daemon [_thread_blocked, id=10464, stack(0x0000000b64d00000,0x0000000b64e00000)]
  0x00000140b4362c70 JavaThread "Finalizer" daemon [_thread_blocked, id=9124, stack(0x0000000b64e00000,0x0000000b64f00000)]
  0x00000140b4368460 JavaThread "Signal Dispatcher" daemon [_thread_blocked, id=8348, stack(0x0000000b64f00000,0x0000000b65000000)]
  0x00000140b4368d90 JavaThread "Attach Listener" daemon [_thread_blocked, id=16308, stack(0x0000000b65000000,0x0000000b65100000)]
  0x00000140b43696c0 JavaThread "Service Thread" daemon [_thread_blocked, id=13464, stack(0x0000000b65100000,0x0000000b65200000)]
  0x00000140b4369ff0 JavaThread "Monitor Deflation Thread" daemon [_thread_blocked, id=14704, stack(0x0000000b65200000,0x0000000b65300000)]
=>0x00000140b436ac50 JavaThread "C2 CompilerThread0" daemon [_thread_in_native, id=16172, stack(0x0000000b65300000,0x0000000b65400000)]
  0x00000140b436cdf0 JavaThread "C1 CompilerThread0" daemon [_thread_blocked, id=10380, stack(0x0000000b65400000,0x0000000b65500000)]
  0x00000140b43a9730 JavaThread "Sweeper thread" daemon [_thread_blocked, id=4792, stack(0x0000000b65500000,0x0000000b65600000)]
  0x00000140b858c2b0 JavaThread "Common-Cleaner" daemon [_thread_blocked, id=2804, stack(0x0000000b65600000,0x0000000b65700000)]
  0x00000140b86c5a10 JavaThread "Monitor Ctrl-Break" daemon [_thread_in_native, id=5840, stack(0x0000000b65800000,0x0000000b65900000)]
  0x00000140b86c9ed0 JavaThread "Notification Thread" daemon [_thread_blocked, id=4616, stack(0x0000000b65900000,0x0000000b65a00000)]

Other Threads:
  0x00000140b4344060 VMThread "VM Thread" [stack: 0x0000000b64c00000,0x0000000b64d00000] [id=15732]
  0x00000140b8694410 WatcherThread "VM Periodic Task Thread" [stack: 0x0000000b65a00000,0x0000000b65b00000] [id=12372]
  0x000001409645caa0 WorkerThread "GC Thread#0" [stack: 0x0000000b64700000,0x0000000b64800000] [id=7892]
  0x00000140b8a536d0 WorkerThread "GC Thread#1" [stack: 0x0000000b65b00000,0x0000000b65c00000] [id=4832]
  0x00000140b8ae9cc0 WorkerThread "GC Thread#2" [stack: 0x0000000b65c00000,0x0000000b65d00000] [id=6644]
  0x00000140b8cab270 WorkerThread "GC Thread#3" [stack: 0x0000000b65d00000,0x0000000b65e00000] [id=13196]
  0x000001409646e620 ConcurrentGCThread "G1 Main Marker" [stack: 0x0000000b64800000,0x0000000b64900000] [id=13500]
  0x000001409646f100 WorkerThread "G1 Conc#0" [stack: 0x0000000b64900000,0x0000000b64a00000] [id=4028]
  0x00000140964cd760 ConcurrentGCThread "G1 Refine#0" [stack: 0x0000000b64a00000,0x0000000b64b00000] [id=16256]
  0x00000140964ce350 ConcurrentGCThread "G1 Service" [stack: 0x0000000b64b00000,0x0000000b64c00000] [id=3876]

Threads with active compile tasks:
C2 CompilerThread0     2855 1189   !   4       sun.nio.cs.StreamDecoder::read (78 bytes)

VM state: not at safepoint (normal execution)

VM Mutex/Monitor currently owned by a thread:  ([mutex/lock_event])
[0x00000140963f78c0] Metaspace_lock - owner thread: 0x00000140963ff900

Heap address: 0x0000000081800000, size: 2024 MB, Compressed Oops mode: 32-bit

CDS archive(s) mapped at: [0x0000000800000000-0x0000000800c40000-0x0000000800c40000), size 12845056, SharedBaseAddress: 0x0000000800000000, ArchiveRelocationMode: 0.
Compressed class space mapped at: 0x0000000801000000-0x0000000841000000, reserved size: 1073741824
Narrow klass base: 0x0000000800000000, Narrow klass shift: 0, Narrow klass range: 0x100000000

GC Precious Log:
 CardTable entry size: 512
 Card Set container configuration: InlinePtr #cards 5 size 8 Array Of Cards #cards 12 size 40 Howl #buckets 4 coarsen threshold 1843 Howl Bitmap #cards 512 size 80 coarsen threshold 460 Card regions per heap region 1 cards per card region 2048
 CPUs: 4 total, 4 available
 Memory: 8089M
 Large Page Support: Disabled
 NUMA Support: Disabled
 Compressed Oops: Enabled (32-bit)
 Heap Region Size: 1M
 Heap Min Capacity: 8M
 Heap Initial Capacity: 128M
 Heap Max Capacity: 2024M
 Pre-touch: Disabled
 Parallel Workers: 4
 Concurrent Workers: 1
 Concurrent Refinement Workers: 4
 Periodic GC: Disabled

Heap:
 garbage-first heap   total 131072K, used 13668K [0x0000000081800000, 0x0000000100000000)
  region size 1024K, 13 young (13312K), 2 survivors (2048K)
 Metaspace       used 6269K, committed 6400K, reserved 1114112K
  class space    used 682K, committed 768K, reserved 1048576K

Heap Regions: E=young(eden), S=young(survivor), O=old, HS=humongous(starts), HC=humongous(continues), CS=collection set, F=free, OA=open archive, CA=closed archive, TAMS=top-at-mark-start (previous, next)
|   0|0x0000000081800000, 0x0000000081900000, 0x0000000081900000|100%| O|  |TAMS 0x0000000081800000, 0x0000000081800000| Untracked 
|   1|0x0000000081900000, 0x0000000081959000, 0x0000000081a00000| 34%| O|  |TAMS 0x0000000081900000, 0x0000000081900000| Untracked 
|   2|0x0000000081a00000, 0x0000000081a00000, 0x0000000081b00000|  0%| F|  |TAMS 0x0000000081a00000, 0x0000000081a00000| Untracked 
|   3|0x0000000081b00000, 0x0000000081b00000, 0x0000000081c00000|  0%| F|  |TAMS 0x0000000081b00000, 0x0000000081b00000| Untracked 
|   4|0x0000000081c00000, 0x0000000081c00000, 0x0000000081d00000|  0%| F|  |TAMS 0x0000000081c00000, 0x0000000081c00000| Untracked 
|   5|0x0000000081d00000, 0x0000000081d00000, 0x0000000081e00000|  0%| F|  |TAMS 0x0000000081d00000, 0x0000000081d00000| Untracked 
|   6|0x0000000081e00000, 0x0000000081e00000, 0x0000000081f00000|  0%| F|  |TAMS 0x0000000081e00000, 0x0000000081e00000| Untracked 
|   7|0x0000000081f00000, 0x0000000081f00000, 0x0000000082000000|  0%| F|  |TAMS 0x0000000081f00000, 0x0000000081f00000| Untracked 
|   8|0x0000000082000000, 0x0000000082000000, 0x0000000082100000|  0%| F|  |TAMS 0x0000000082000000, 0x0000000082000000| Untracked 
|   9|0x0000000082100000, 0x0000000082100000, 0x0000000082200000|  0%| F|  |TAMS 0x0000000082100000, 0x0000000082100000| Untracked 
|  10|0x0000000082200000, 0x0000000082200000, 0x0000000082300000|  0%| F|  |TAMS 0x0000000082200000, 0x0000000082200000| Untracked 
|  11|0x0000000082300000, 0x0000000082300000, 0x0000000082400000|  0%| F|  |TAMS 0x0000000082300000, 0x0000000082300000| Untracked 
|  12|0x0000000082400000, 0x0000000082400000, 0x0000000082500000|  0%| F|  |TAMS 0x0000000082400000, 0x0000000082400000| Untracked 
|  13|0x0000000082500000, 0x0000000082500000, 0x0000000082600000|  0%| F|  |TAMS 0x0000000082500000, 0x0000000082500000| Untracked 
|  14|0x0000000082600000, 0x0000000082600000, 0x0000000082700000|  0%| F|  |TAMS 0x0000000082600000, 0x0000000082600000| Untracked 
|  15|0x0000000082700000, 0x0000000082700000, 0x0000000082800000|  0%| F|  |TAMS 0x0000000082700000, 0x0000000082700000| Untracked 
|  16|0x0000000082800000, 0x0000000082800000, 0x0000000082900000|  0%| F|  |TAMS 0x0000000082800000, 0x0000000082800000| Untracked 
|  17|0x0000000082900000, 0x0000000082900000, 0x0000000082a00000|  0%| F|  |TAMS 0x0000000082900000, 0x0000000082900000| Untracked 
|  18|0x0000000082a00000, 0x0000000082a00000, 0x0000000082b00000|  0%| F|  |TAMS 0x0000000082a00000, 0x0000000082a00000| Untracked 
|  19|0x0000000082b00000, 0x0000000082b00000, 0x0000000082c00000|  0%| F|  |TAMS 0x0000000082b00000, 0x0000000082b00000| Untracked 
|  20|0x0000000082c00000, 0x0000000082c00000, 0x0000000082d00000|  0%| F|  |TAMS 0x0000000082c00000, 0x0000000082c00000| Untracked 
|  21|0x0000000082d00000, 0x0000000082d00000, 0x0000000082e00000|  0%| F|  |TAMS 0x0000000082d00000, 0x0000000082d00000| Untracked 
|  22|0x0000000082e00000, 0x0000000082e00000, 0x0000000082f00000|  0%| F|  |TAMS 0x0000000082e00000, 0x0000000082e00000| Untracked 
|  23|0x0000000082f00000, 0x0000000082f00000, 0x0000000083000000|  0%| F|  |TAMS 0x0000000082f00000, 0x0000000082f00000| Untracked 
|  24|0x0000000083000000, 0x0000000083000000, 0x0000000083100000|  0%| F|  |TAMS 0x0000000083000000, 0x0000000083000000| Untracked 
|  25|0x0000000083100000, 0x0000000083100000, 0x0000000083200000|  0%| F|  |TAMS 0x0000000083100000, 0x0000000083100000| Untracked 
|  26|0x0000000083200000, 0x0000000083200000, 0x0000000083300000|  0%| F|  |TAMS 0x0000000083200000, 0x0000000083200000| Untracked 
|  27|0x0000000083300000, 0x0000000083300000, 0x0000000083400000|  0%| F|  |TAMS 0x0000000083300000, 0x0000000083300000| Untracked 
|  28|0x0000000083400000, 0x0000000083400000, 0x0000000083500000|  0%| F|  |TAMS 0x0000000083400000, 0x0000000083400000| Untracked 
|  29|0x0000000083500000, 0x0000000083500000, 0x0000000083600000|  0%| F|  |TAMS 0x0000000083500000, 0x0000000083500000| Untracked 
|  30|0x0000000083600000, 0x0000000083600000, 0x0000000083700000|  0%| F|  |TAMS 0x0000000083600000, 0x0000000083600000| Untracked 
|  31|0x0000000083700000, 0x0000000083700000, 0x0000000083800000|  0%| F|  |TAMS 0x0000000083700000, 0x0000000083700000| Untracked 
|  32|0x0000000083800000, 0x0000000083800000, 0x0000000083900000|  0%| F|  |TAMS 0x0000000083800000, 0x0000000083800000| Untracked 
|  33|0x0000000083900000, 0x0000000083900000, 0x0000000083a00000|  0%| F|  |TAMS 0x0000000083900000, 0x0000000083900000| Untracked 
|  34|0x0000000083a00000, 0x0000000083a00000, 0x0000000083b00000|  0%| F|  |TAMS 0x0000000083a00000, 0x0000000083a00000| Untracked 
|  35|0x0000000083b00000, 0x0000000083b00000, 0x0000000083c00000|  0%| F|  |TAMS 0x0000000083b00000, 0x0000000083b00000| Untracked 
|  36|0x0000000083c00000, 0x0000000083c00000, 0x0000000083d00000|  0%| F|  |TAMS 0x0000000083c00000, 0x0000000083c00000| Untracked 
|  37|0x0000000083d00000, 0x0000000083d00000, 0x0000000083e00000|  0%| F|  |TAMS 0x0000000083d00000, 0x0000000083d00000| Untracked 
|  38|0x0000000083e00000, 0x0000000083e00000, 0x0000000083f00000|  0%| F|  |TAMS 0x0000000083e00000, 0x0000000083e00000| Untracked 
|  39|0x0000000083f00000, 0x0000000083f00000, 0x0000000084000000|  0%| F|  |TAMS 0x0000000083f00000, 0x0000000083f00000| Untracked 
|  40|0x0000000084000000, 0x0000000084000000, 0x0000000084100000|  0%| F|  |TAMS 0x0000000084000000, 0x0000000084000000| Untracked 
|  41|0x0000000084100000, 0x0000000084100000, 0x0000000084200000|  0%| F|  |TAMS 0x0000000084100000, 0x0000000084100000| Untracked 
|  42|0x0000000084200000, 0x0000000084200000, 0x0000000084300000|  0%| F|  |TAMS 0x0000000084200000, 0x0000000084200000| Untracked 
|  43|0x0000000084300000, 0x0000000084300000, 0x0000000084400000|  0%| F|  |TAMS 0x0000000084300000, 0x0000000084300000| Untracked 
|  44|0x0000000084400000, 0x0000000084400000, 0x0000000084500000|  0%| F|  |TAMS 0x0000000084400000, 0x0000000084400000| Untracked 
|  45|0x0000000084500000, 0x0000000084500000, 0x0000000084600000|  0%| F|  |TAMS 0x0000000084500000, 0x0000000084500000| Untracked 
|  46|0x0000000084600000, 0x0000000084600000, 0x0000000084700000|  0%| F|  |TAMS 0x0000000084600000, 0x0000000084600000| Untracked 
|  47|0x0000000084700000, 0x0000000084700000, 0x0000000084800000|  0%| F|  |TAMS 0x0000000084700000, 0x0000000084700000| Untracked 
|  48|0x0000000084800000, 0x0000000084800000, 0x0000000084900000|  0%| F|  |TAMS 0x0000000084800000, 0x0000000084800000| Untracked 
|  49|0x0000000084900000, 0x0000000084900000, 0x0000000084a00000|  0%| F|  |TAMS 0x0000000084900000, 0x0000000084900000| Untracked 
|  50|0x0000000084a00000, 0x0000000084a00000, 0x0000000084b00000|  0%| F|  |TAMS 0x0000000084a00000, 0x0000000084a00000| Untracked 
|  51|0x0000000084b00000, 0x0000000084b00000, 0x0000000084c00000|  0%| F|  |TAMS 0x0000000084b00000, 0x0000000084b00000| Untracked 
|  52|0x0000000084c00000, 0x0000000084c00000, 0x0000000084d00000|  0%| F|  |TAMS 0x0000000084c00000, 0x0000000084c00000| Untracked 
|  53|0x0000000084d00000, 0x0000000084d00000, 0x0000000084e00000|  0%| F|  |TAMS 0x0000000084d00000, 0x0000000084d00000| Untracked 
|  54|0x0000000084e00000, 0x0000000084e00000, 0x0000000084f00000|  0%| F|  |TAMS 0x0000000084e00000, 0x0000000084e00000| Untracked 
|  55|0x0000000084f00000, 0x0000000084f00000, 0x0000000085000000|  0%| F|  |TAMS 0x0000000084f00000, 0x0000000084f00000| Untracked 
|  56|0x0000000085000000, 0x0000000085000000, 0x0000000085100000|  0%| F|  |TAMS 0x0000000085000000, 0x0000000085000000| Untracked 
|  57|0x0000000085100000, 0x0000000085100000, 0x0000000085200000|  0%| F|  |TAMS 0x0000000085100000, 0x0000000085100000| Untracked 
|  58|0x0000000085200000, 0x0000000085200000, 0x0000000085300000|  0%| F|  |TAMS 0x0000000085200000, 0x0000000085200000| Untracked 
|  59|0x0000000085300000, 0x0000000085300000, 0x0000000085400000|  0%| F|  |TAMS 0x0000000085300000, 0x0000000085300000| Untracked 
|  60|0x0000000085400000, 0x0000000085400000, 0x0000000085500000|  0%| F|  |TAMS 0x0000000085400000, 0x0000000085400000| Untracked 
|  61|0x0000000085500000, 0x0000000085500000, 0x0000000085600000|  0%| F|  |TAMS 0x0000000085500000, 0x0000000085500000| Untracked 
|  62|0x0000000085600000, 0x0000000085600000, 0x0000000085700000|  0%| F|  |TAMS 0x0000000085600000, 0x0000000085600000| Untracked 
|  63|0x0000000085700000, 0x0000000085700000, 0x0000000085800000|  0%| F|  |TAMS 0x0000000085700000, 0x0000000085700000| Untracked 
|  64|0x0000000085800000, 0x0000000085800000, 0x0000000085900000|  0%| F|  |TAMS 0x0000000085800000, 0x0000000085800000| Untracked 
|  65|0x0000000085900000, 0x0000000085900000, 0x0000000085a00000|  0%| F|  |TAMS 0x0000000085900000, 0x0000000085900000| Untracked 
|  66|0x0000000085a00000, 0x0000000085a00000, 0x0000000085b00000|  0%| F|  |TAMS 0x0000000085a00000, 0x0000000085a00000| Untracked 
|  67|0x0000000085b00000, 0x0000000085b00000, 0x0000000085c00000|  0%| F|  |TAMS 0x0000000085b00000, 0x0000000085b00000| Untracked 
|  68|0x0000000085c00000, 0x0000000085c00000, 0x0000000085d00000|  0%| F|  |TAMS 0x0000000085c00000, 0x0000000085c00000| Untracked 
|  69|0x0000000085d00000, 0x0000000085d00000, 0x0000000085e00000|  0%| F|  |TAMS 0x0000000085d00000, 0x0000000085d00000| Untracked 
|  70|0x0000000085e00000, 0x0000000085e00000, 0x0000000085f00000|  0%| F|  |TAMS 0x0000000085e00000, 0x0000000085e00000| Untracked 
|  71|0x0000000085f00000, 0x0000000085f00000, 0x0000000086000000|  0%| F|  |TAMS 0x0000000085f00000, 0x0000000085f00000| Untracked 
|  72|0x0000000086000000, 0x0000000086000000, 0x0000000086100000|  0%| F|  |TAMS 0x0000000086000000, 0x0000000086000000| Untracked 
|  73|0x0000000086100000, 0x0000000086100000, 0x0000000086200000|  0%| F|  |TAMS 0x0000000086100000, 0x0000000086100000| Untracked 
|  74|0x0000000086200000, 0x0000000086200000, 0x0000000086300000|  0%| F|  |TAMS 0x0000000086200000, 0x0000000086200000| Untracked 
|  75|0x0000000086300000, 0x0000000086300000, 0x0000000086400000|  0%| F|  |TAMS 0x0000000086300000, 0x0000000086300000| Untracked 
|  76|0x0000000086400000, 0x0000000086400000, 0x0000000086500000|  0%| F|  |TAMS 0x0000000086400000, 0x0000000086400000| Untracked 
|  77|0x0000000086500000, 0x0000000086500000, 0x0000000086600000|  0%| F|  |TAMS 0x0000000086500000, 0x0000000086500000| Untracked 
|  78|0x0000000086600000, 0x0000000086600000, 0x0000000086700000|  0%| F|  |TAMS 0x0000000086600000, 0x0000000086600000| Untracked 
|  79|0x0000000086700000, 0x0000000086700000, 0x0000000086800000|  0%| F|  |TAMS 0x0000000086700000, 0x0000000086700000| Untracked 
|  80|0x0000000086800000, 0x0000000086800000, 0x0000000086900000|  0%| F|  |TAMS 0x0000000086800000, 0x0000000086800000| Untracked 
|  81|0x0000000086900000, 0x0000000086900000, 0x0000000086a00000|  0%| F|  |TAMS 0x0000000086900000, 0x0000000086900000| Untracked 
|  82|0x0000000086a00000, 0x0000000086a00000, 0x0000000086b00000|  0%| F|  |TAMS 0x0000000086a00000, 0x0000000086a00000| Untracked 
|  83|0x0000000086b00000, 0x0000000086b00000, 0x0000000086c00000|  0%| F|  |TAMS 0x0000000086b00000, 0x0000000086b00000| Untracked 
|  84|0x0000000086c00000, 0x0000000086c00000, 0x0000000086d00000|  0%| F|  |TAMS 0x0000000086c00000, 0x0000000086c00000| Untracked 
|  85|0x0000000086d00000, 0x0000000086d00000, 0x0000000086e00000|  0%| F|  |TAMS 0x0000000086d00000, 0x0000000086d00000| Untracked 
|  86|0x0000000086e00000, 0x0000000086e00000, 0x0000000086f00000|  0%| F|  |TAMS 0x0000000086e00000, 0x0000000086e00000| Untracked 
|  87|0x0000000086f00000, 0x0000000086f00000, 0x0000000087000000|  0%| F|  |TAMS 0x0000000086f00000, 0x0000000086f00000| Untracked 
|  88|0x0000000087000000, 0x0000000087000000, 0x0000000087100000|  0%| F|  |TAMS 0x0000000087000000, 0x0000000087000000| Untracked 
|  89|0x0000000087100000, 0x0000000087100000, 0x0000000087200000|  0%| F|  |TAMS 0x0000000087100000, 0x0000000087100000| Untracked 
|  90|0x0000000087200000, 0x0000000087200000, 0x0000000087300000|  0%| F|  |TAMS 0x0000000087200000, 0x0000000087200000| Untracked 
|  91|0x0000000087300000, 0x0000000087300000, 0x0000000087400000|  0%| F|  |TAMS 0x0000000087300000, 0x0000000087300000| Untracked 
|  92|0x0000000087400000, 0x0000000087400000, 0x0000000087500000|  0%| F|  |TAMS 0x0000000087400000, 0x0000000087400000| Untracked 
|  93|0x0000000087500000, 0x0000000087500000, 0x0000000087600000|  0%| F|  |TAMS 0x0000000087500000, 0x0000000087500000| Untracked 
|  94|0x0000000087600000, 0x0000000087600000, 0x0000000087700000|  0%| F|  |TAMS 0x0000000087600000, 0x0000000087600000| Untracked 
|  95|0x0000000087700000, 0x0000000087700000, 0x0000000087800000|  0%| F|  |TAMS 0x0000000087700000, 0x0000000087700000| Untracked 
|  96|0x0000000087800000, 0x0000000087800000, 0x0000000087900000|  0%| F|  |TAMS 0x0000000087800000, 0x0000000087800000| Untracked 
|  97|0x0000000087900000, 0x0000000087900000, 0x0000000087a00000|  0%| F|  |TAMS 0x0000000087900000, 0x0000000087900000| Untracked 
|  98|0x0000000087a00000, 0x0000000087a00000, 0x0000000087b00000|  0%| F|  |TAMS 0x0000000087a00000, 0x0000000087a00000| Untracked 
|  99|0x0000000087b00000, 0x0000000087b00000, 0x0000000087c00000|  0%| F|  |TAMS 0x0000000087b00000, 0x0000000087b00000| Untracked 
| 100|0x0000000087c00000, 0x0000000087c00000, 0x0000000087d00000|  0%| F|  |TAMS 0x0000000087c00000, 0x0000000087c00000| Untracked 
| 101|0x0000000087d00000, 0x0000000087d00000, 0x0000000087e00000|  0%| F|  |TAMS 0x0000000087d00000, 0x0000000087d00000| Untracked 
| 102|0x0000000087e00000, 0x0000000087e00000, 0x0000000087f00000|  0%| F|  |TAMS 0x0000000087e00000, 0x0000000087e00000| Untracked 
| 103|0x0000000087f00000, 0x0000000087f00000, 0x0000000088000000|  0%| F|  |TAMS 0x0000000087f00000, 0x0000000087f00000| Untracked 
| 104|0x0000000088000000, 0x0000000088000000, 0x0000000088100000|  0%| F|  |TAMS 0x0000000088000000, 0x0000000088000000| Untracked 
| 105|0x0000000088100000, 0x0000000088100000, 0x0000000088200000|  0%| F|  |TAMS 0x0000000088100000, 0x0000000088100000| Untracked 
| 106|0x0000000088200000, 0x0000000088200000, 0x0000000088300000|  0%| F|  |TAMS 0x0000000088200000, 0x0000000088200000| Untracked 
| 107|0x0000000088300000, 0x0000000088300000, 0x0000000088400000|  0%| F|  |TAMS 0x0000000088300000, 0x0000000088300000| Untracked 
| 108|0x0000000088400000, 0x0000000088400000, 0x0000000088500000|  0%| F|  |TAMS 0x0000000088400000, 0x0000000088400000| Untracked 
| 109|0x0000000088500000, 0x0000000088500000, 0x0000000088600000|  0%| F|  |TAMS 0x0000000088500000, 0x0000000088500000| Untracked 
| 110|0x0000000088600000, 0x0000000088600000, 0x0000000088700000|  0%| F|  |TAMS 0x0000000088600000, 0x0000000088600000| Untracked 
| 111|0x0000000088700000, 0x0000000088700000, 0x0000000088800000|  0%| F|  |TAMS 0x0000000088700000, 0x0000000088700000| Untracked 
| 112|0x0000000088800000, 0x0000000088800000, 0x0000000088900000|  0%| F|  |TAMS 0x0000000088800000, 0x0000000088800000| Untracked 
| 113|0x0000000088900000, 0x0000000088a00000, 0x0000000088a00000|100%| S|CS|TAMS 0x0000000088900000, 0x0000000088900000| Complete 
| 114|0x0000000088a00000, 0x0000000088b00000, 0x0000000088b00000|100%| S|CS|TAMS 0x0000000088a00000, 0x0000000088a00000| Complete 
| 115|0x0000000088b00000, 0x0000000088b00000, 0x0000000088c00000|  0%| F|  |TAMS 0x0000000088b00000, 0x0000000088b00000| Untracked 
| 116|0x0000000088c00000, 0x0000000088c00000, 0x0000000088d00000|  0%| F|  |TAMS 0x0000000088c00000, 0x0000000088c00000| Untracked 
| 117|0x0000000088d00000, 0x0000000088ddea38, 0x0000000088e00000| 86%| E|  |TAMS 0x0000000088d00000, 0x0000000088d00000| Complete 
| 118|0x0000000088e00000, 0x0000000088f00000, 0x0000000088f00000|100%| E|CS|TAMS 0x0000000088e00000, 0x0000000088e00000| Complete 
| 119|0x0000000088f00000, 0x0000000089000000, 0x0000000089000000|100%| E|CS|TAMS 0x0000000088f00000, 0x0000000088f00000| Complete 
| 120|0x0000000089000000, 0x0000000089100000, 0x0000000089100000|100%| E|CS|TAMS 0x0000000089000000, 0x0000000089000000| Complete 
| 121|0x0000000089100000, 0x0000000089200000, 0x0000000089200000|100%| E|CS|TAMS 0x0000000089100000, 0x0000000089100000| Complete 
| 122|0x0000000089200000, 0x0000000089300000, 0x0000000089300000|100%| E|CS|TAMS 0x0000000089200000, 0x0000000089200000| Complete 
| 123|0x0000000089300000, 0x0000000089400000, 0x0000000089400000|100%| E|CS|TAMS 0x0000000089300000, 0x0000000089300000| Complete 
| 124|0x0000000089400000, 0x0000000089500000, 0x0000000089500000|100%| E|CS|TAMS 0x0000000089400000, 0x0000000089400000| Complete 
| 125|0x0000000089500000, 0x0000000089600000, 0x0000000089600000|100%| E|CS|TAMS 0x0000000089500000, 0x0000000089500000| Complete 
| 126|0x0000000089600000, 0x0000000089700000, 0x0000000089700000|100%| E|CS|TAMS 0x0000000089600000, 0x0000000089600000| Complete 
| 127|0x0000000089700000, 0x0000000089800000, 0x0000000089800000|100%| E|CS|TAMS 0x0000000089700000, 0x0000000089700000| Complete 

Card table byte_map: [0x00000140ad760000,0x00000140adb60000] _byte_map_base: 0x00000140ad354000

Marking Bits (Prev, Next): (CMBitMap*) 0x000001409645dff0, (CMBitMap*) 0x000001409645e030
 Prev Bits: [0x00000140adf60000, 0x00000140aff00000)
 Next Bits: [0x00000140aff00000, 0x00000140b1ea0000)

Polling page: 0x0000014094210000

Metaspace:

Usage:
  Non-class:      5.46 MB used.
      Class:    682.05 KB used.
       Both:      6.12 MB used.

Virtual space:
  Non-class space:       64.00 MB reserved,       5.50 MB (  9%) committed,  1 nodes.
      Class space:        1.00 GB reserved,     768.00 KB ( <1%) committed,  1 nodes.
             Both:        1.06 GB reserved,       6.25 MB ( <1%) committed. 

Chunk freelists:
   Non-Class:  1.36 MB
       Class:  3.08 MB
        Both:  4.44 MB

MaxMetaspaceSize: unlimited
CompressedClassSpaceSize: 1.00 GB
Initial GC threshold: 21.00 MB
Current GC threshold: 21.00 MB
CDS: on
MetaspaceReclaimPolicy: balanced
 - commit_granule_bytes: 65536.
 - commit_granule_words: 8192.
 - virtual_space_node_default_size: 8388608.
 - enlarge_chunks_in_place: 1.
 - new_chunks_are_fully_committed: 0.
 - uncommit_free_chunks: 1.
 - use_allocation_guard: 0.


Internal statistics:

num_allocs_failed_limit: 0.
num_arena_births: 58.
num_arena_deaths: 0.
num_vsnodes_births: 2.
num_vsnodes_deaths: 0.
num_space_committed: 100.
num_space_uncommitted: 0.
num_chunks_returned_to_freelist: 0.
num_chunks_taken_from_freelist: 203.
num_chunk_merges: 0.
num_chunk_splits: 131.
num_chunks_enlarged: 107.
num_inconsistent_stats: 0.

CodeHeap 'non-profiled nmethods': size=120000Kb used=352Kb max_used=352Kb free=119647Kb
 bounds [0x00000140a5e30000, 0x00000140a60a0000, 0x00000140ad360000]
CodeHeap 'profiled nmethods': size=120000Kb used=2363Kb max_used=2363Kb free=117636Kb
 bounds [0x000001409e360000, 0x000001409e5d0000, 0x00000140a5890000]
CodeHeap 'non-nmethods': size=5760Kb used=1256Kb max_used=1272Kb free=4503Kb
 bounds [0x00000140a5890000, 0x00000140a5b00000, 0x00000140a5e30000]
 total_blobs=1682 nmethods=1213 adapters=380
 compilation: enabled
              stopped_count=0, restarted_count=0
 full_count=0

Compilation events (20 events):
Event: 2.685 Thread 0x00000140b436cdf0 1202       3       java.nio.CharBuffer::toString (13 bytes)
Event: 2.685 Thread 0x00000140b436cdf0 nmethod 1202 0x000001409e5a6c10 code [0x000001409e5a6dc0, 0x000001409e5a6fc8]
Event: 2.685 Thread 0x00000140b436cdf0 1203   !   3       java.nio.HeapCharBuffer::toString (30 bytes)
Event: 2.685 Thread 0x00000140b436cdf0 nmethod 1203 0x000001409e5a7090 code [0x000001409e5a7260, 0x000001409e5a7518]
Event: 2.685 Thread 0x00000140b436cdf0 1204       1       org.codehaus.plexus.util.xml.pull.MXParser::getEventType (5 bytes)
Event: 2.685 Thread 0x00000140b436cdf0 nmethod 1204 0x00000140a5e87a90 code [0x00000140a5e87c20, 0x00000140a5e87cd8]
Event: 2.691 Thread 0x00000140b436cdf0 1212       3       org.codehaus.plexus.util.xml.pull.MXParser::isWhitespace (116 bytes)
Event: 2.692 Thread 0x00000140b436cdf0 nmethod 1212 0x000001409e5a7690 code [0x000001409e5a78c0, 0x000001409e5a8168]
Event: 2.692 Thread 0x00000140b436cdf0 1213       3       org.codehaus.plexus.util.xml.pull.MXParser::ensureElementsCapacity (265 bytes)
Event: 2.693 Thread 0x00000140b436cdf0 nmethod 1213 0x000001409e5a8390 code [0x000001409e5a8600, 0x000001409e5a96c8]
Event: 2.693 Thread 0x00000140b436cdf0 1214       3       java.util.HashMap::isEmpty (13 bytes)
Event: 2.693 Thread 0x00000140b436cdf0 nmethod 1214 0x000001409e5a9990 code [0x000001409e5a9b20, 0x000001409e5a9c98]
Event: 2.693 Thread 0x00000140b436cdf0 1215       3       org.codehaus.plexus.util.xml.pull.MXParser::newString (11 bytes)
Event: 2.693 Thread 0x00000140b436cdf0 nmethod 1215 0x000001409e5a9d10 code [0x000001409e5a9ec0, 0x000001409e5aa068]
Event: 2.694 Thread 0x00000140b436cdf0 1216       3       org.codehaus.plexus.util.xml.pull.MXParser::getName (84 bytes)
Event: 2.694 Thread 0x00000140b436cdf0 nmethod 1216 0x000001409e5aa190 code [0x000001409e5aa360, 0x000001409e5aa708]
Event: 2.694 Thread 0x00000140b436cdf0 1217       3       org.codehaus.plexus.util.xml.pull.MXParser::getText (125 bytes)
Event: 2.695 Thread 0x00000140b436cdf0 nmethod 1217 0x000001409e5aa890 code [0x000001409e5aaa80, 0x000001409e5aafd8]
Event: 2.695 Thread 0x00000140b436cdf0 1218       3       org.codehaus.plexus.util.xml.pull.MXParser::nextTag (82 bytes)
Event: 2.696 Thread 0x00000140b436cdf0 nmethod 1218 0x000001409e5ab110 code [0x000001409e5ab380, 0x000001409e5abcb8]

GC Heap History (2 events):
Event: 2.282 GC heap before
{Heap before GC invocations=0 (full 0):
 garbage-first heap   total 131072K, used 13312K [0x0000000081800000, 0x0000000100000000)
  region size 1024K, 13 young (13312K), 0 survivors (0K)
 Metaspace       used 4263K, committed 4480K, reserved 1114112K
  class space    used 413K, committed 512K, reserved 1048576K
}
Event: 2.289 GC heap after
{Heap after GC invocations=1 (full 0):
 garbage-first heap   total 131072K, used 3428K [0x0000000081800000, 0x0000000100000000)
  region size 1024K, 2 young (2048K), 2 survivors (2048K)
 Metaspace       used 4263K, committed 4480K, reserved 1114112K
  class space    used 413K, committed 512K, reserved 1048576K
}

Dll operation events (13 events):
Event: 0.076 Loaded shared library C:\Users\HP\.jdks\openjdk-19\bin\java.dll
Event: 0.212 Loaded shared library C:\Users\HP\.jdks\openjdk-19\bin\jsvml.dll
Event: 0.765 Loaded shared library C:\Users\HP\.jdks\openjdk-19\bin\zip.dll
Event: 0.780 Loaded shared library C:\Users\HP\.jdks\openjdk-19\bin\instrument.dll
Event: 0.816 Loaded shared library C:\Users\HP\.jdks\openjdk-19\bin\net.dll
Event: 0.823 Loaded shared library C:\Users\HP\.jdks\openjdk-19\bin\nio.dll
Event: 0.837 Loaded shared library C:\Users\HP\.jdks\openjdk-19\bin\zip.dll
Event: 0.923 Loaded shared library C:\Program Files\JetBrains\IntelliJ IDEA Community Edition 2022.2.2\bin\breakgen64.dll
Event: 0.958 Loaded shared library C:\Users\HP\.jdks\openjdk-19\bin\extnet.dll
Event: 1.134 Loaded shared library C:\Users\HP\.jdks\openjdk-19\bin\verify.dll
Event: 1.148 Loaded shared library C:\Users\HP\.jdks\openjdk-19\bin\jimage.dll
Event: 1.761 Loaded shared library C:\Users\HP\AppData\Local\Temp\jansi-1.17.1-17883324474707843468.dll
Event: 1.817 Loaded shared library C:\Users\HP\AppData\Local\Temp\jansi-1.17.1-272779037018469838.dll

Deoptimization events (20 events):
Event: 2.482 Thread 0x00000140963ff900 DEOPT PACKING pc=0x00000140a5e7a8c8 sp=0x0000000b646fde40
Event: 2.482 Thread 0x00000140963ff900 DEOPT UNPACKING pc=0x00000140a58f6da3 sp=0x0000000b646fdd78 mode 2
Event: 2.482 Thread 0x00000140963ff900 Uncommon trap: trap_request=0xffffffde fr.pc=0x00000140a5e7a8c8 relative=0x0000000000000928
Event: 2.482 Thread 0x00000140963ff900 Uncommon trap: reason=class_check action=maybe_recompile pc=0x00000140a5e7a8c8 method=java.util.HashMap.putVal(ILjava/lang/Object;Ljava/lang/Object;ZZ)Ljava/lang/Object; @ 91 c2
Event: 2.482 Thread 0x00000140963ff900 DEOPT PACKING pc=0x00000140a5e7a8c8 sp=0x0000000b646fdd20
Event: 2.482 Thread 0x00000140963ff900 DEOPT UNPACKING pc=0x00000140a58f6da3 sp=0x0000000b646fdc58 mode 2
Event: 2.650 Thread 0x00000140963ff900 Uncommon trap: trap_request=0xffffff76 fr.pc=0x00000140a5e66830 relative=0x00000000000002f0
Event: 2.650 Thread 0x00000140963ff900 Uncommon trap: reason=predicate action=maybe_recompile pc=0x00000140a5e66830 method=java.util.regex.Pattern$BmpCharPropertyGreedy.match(Ljava/util/regex/Matcher;ILjava/lang/CharSequence;)Z @ 12 c2
Event: 2.650 Thread 0x00000140963ff900 DEOPT PACKING pc=0x00000140a5e66830 sp=0x0000000b646fdda0
Event: 2.650 Thread 0x00000140963ff900 DEOPT UNPACKING pc=0x00000140a58f6da3 sp=0x0000000b646fdd58 mode 2
Event: 2.650 Thread 0x00000140963ff900 Uncommon trap: trap_request=0xffffff45 fr.pc=0x00000140a5e60e4c relative=0x00000000000000ac
Event: 2.650 Thread 0x00000140963ff900 Uncommon trap: reason=unstable_if action=reinterpret pc=0x00000140a5e60e4c method=org.codehaus.plexus.util.xml.pull.MXParser.more()C @ 8 c2
Event: 2.650 Thread 0x00000140963ff900 DEOPT PACKING pc=0x00000140a5e60e4c sp=0x0000000b646fe190
Event: 2.650 Thread 0x00000140963ff900 DEOPT UNPACKING pc=0x00000140a58f6da3 sp=0x0000000b646fe120 mode 2
Event: 2.671 Thread 0x00000140963ff900 DEOPT PACKING pc=0x000001409e44af96 sp=0x0000000b646fd5b0
Event: 2.671 Thread 0x00000140963ff900 DEOPT UNPACKING pc=0x00000140a58f7543 sp=0x0000000b646fca88 mode 0
Event: 2.675 Thread 0x00000140963ff900 Uncommon trap: trap_request=0xffffffc6 fr.pc=0x00000140a5e81b6c relative=0x00000000000009cc
Event: 2.675 Thread 0x00000140963ff900 Uncommon trap: reason=bimorphic_or_optimized_type_check action=maybe_recompile pc=0x00000140a5e81b6c method=java.util.HashMap.putVal(ILjava/lang/Object;Ljava/lang/Object;ZZ)Ljava/lang/Object; @ 91 c2
Event: 2.675 Thread 0x00000140963ff900 DEOPT PACKING pc=0x00000140a5e81b6c sp=0x0000000b646fe250
Event: 2.675 Thread 0x00000140963ff900 DEOPT UNPACKING pc=0x00000140a58f6da3 sp=0x0000000b646fe188 mode 2

Classes loaded (20 events):
Event: 2.603 Loading class sun/reflect/generics/repository/ClassRepository
Event: 2.603 Loading class sun/reflect/generics/repository/GenericDeclRepository
Event: 2.603 Loading class sun/reflect/generics/repository/AbstractRepository
Event: 2.603 Loading class sun/reflect/generics/repository/AbstractRepository done
Event: 2.603 Loading class sun/reflect/generics/repository/GenericDeclRepository done
Event: 2.603 Loading class sun/reflect/generics/repository/ClassRepository done
Event: 2.603 Loading class java/lang/reflect/TypeVariable
Event: 2.603 Loading class java/lang/reflect/TypeVariable done
Event: 2.603 Loading class sun/reflect/generics/tree/FormalTypeParameter
Event: 2.603 Loading class sun/reflect/generics/tree/FormalTypeParameter done
Event: 2.603 Loading class sun/reflect/generics/tree/ClassSignature
Event: 2.603 Loading class sun/reflect/generics/tree/Signature
Event: 2.603 Loading class sun/reflect/generics/tree/Signature done
Event: 2.604 Loading class sun/reflect/generics/tree/ClassSignature done
Event: 2.604 Loading class java/lang/reflect/WildcardType
Event: 2.604 Loading class java/lang/reflect/WildcardType done
Event: 2.610 Loading class sun/reflect/generics/tree/TypeVariableSignature
Event: 2.610 Loading class sun/reflect/generics/tree/TypeVariableSignature done
Event: 2.641 Loading class java/lang/annotation/IncompleteAnnotationException
Event: 2.641 Loading class java/lang/annotation/IncompleteAnnotationException done

Classes unloaded (0 events):
No events

Classes redefined (0 events):
No events

Internal exceptions (8 events):
Event: 0.876 Thread 0x00000140963ff900 Exception <a 'java/lang/NoSuchMethodError'{0x0000000089501a70}: 'void java.lang.invoke.DirectMethodHandle$Holder.invokeStatic(java.lang.Object, java.lang.Object, java.lang.Object)'> (0x0000000089501a70) 
thrown [s\open\src\hotspot\share\interpreter\linkResolver.cpp, line 774]
Event: 0.894 Thread 0x00000140963ff900 Exception <a 'java/lang/NoSuchMethodError'{0x000000008951a068}: 'java.lang.Object java.lang.invoke.Invokers$Holder.invokeExact_MT(java.lang.Object, java.lang.Object, java.lang.Object, java.lang.Object, java.lang.Object)'> (0x000000008951a068) 
thrown [s\open\src\hotspot\share\interpreter\linkResolver.cpp, line 774]
Event: 0.962 Thread 0x00000140b86c5a10 Exception <a 'java/lang/NoSuchMethodError'{0x000000008954a6a0}: 'void java.lang.invoke.DirectMethodHandle$Holder.invokeStatic(java.lang.Object, java.lang.Object)'> (0x000000008954a6a0) 
thrown [s\open\src\hotspot\share\interpreter\linkResolver.cpp, line 774]
Event: 1.202 Thread 0x00000140963ff900 Exception <a 'java/lang/NoSuchMethodError'{0x00000000892bd798}: 'java.lang.Object java.lang.invoke.DirectMethodHandle$Holder.invokeStaticInit(java.lang.Object, int, int, int, int)'> (0x00000000892bd798) 
thrown [s\open\src\hotspot\share\interpreter\linkResolver.cpp, line 774]
Event: 1.286 Thread 0x00000140963ff900 Exception <a 'java/lang/NoSuchMethodError'{0x00000000891100c0}: 'java.lang.Object java.lang.invoke.DirectMethodHandle$Holder.invokeStaticInit(java.lang.Object, java.lang.Object, int, int, int, int)'> (0x00000000891100c0) 
thrown [s\open\src\hotspot\share\interpreter\linkResolver.cpp, line 774]
Event: 2.382 Thread 0x00000140b4368d90 Exception <a 'java/lang/NoSuchMethodError'{0x000000008951a000}: 'java.lang.Object java.lang.invoke.DirectMethodHandle$Holder.invokeStaticInit(java.lang.Object, int)'> (0x000000008951a000) 
thrown [s\open\src\hotspot\share\interpreter\linkResolver.cpp, line 774]
Event: 2.407 Thread 0x00000140b4368d90 Exception <a 'java/lang/NoSuchMethodError'{0x0000000089593108}: 'java.lang.Object java.lang.invoke.Invokers$Holder.invokeExact_MT(java.lang.Object, java.lang.Object, java.lang.Object, java.lang.Object, java.lang.Object, java.lang.Object)'> (0x0000000089593108) 
thrown [s\open\src\hotspot\share\interpreter\linkResolver.cpp, line 774]
Event: 2.531 Thread 0x00000140963ff900 Exception <a 'java/lang/NoSuchMethodError'{0x0000000089368c38}: 'java.lang.Object java.lang.invoke.DirectMethodHandle$Holder.newInvokeSpecial(java.lang.Object, java.lang.Object, java.lang.Object, java.lang.Object, java.lang.Object)'> (0x0000000089368c38) 
thrown [s\open\src\hotspot\share\interpreter\linkResolver.cpp, line 774]

VM Operations (18 events):
Event: 0.686 Executing VM operation: HandshakeAllThreads
Event: 0.687 Executing VM operation: HandshakeAllThreads done
Event: 0.936 Executing VM operation: HandshakeAllThreads
Event: 0.936 Executing VM operation: HandshakeAllThreads done
Event: 1.128 Executing VM operation: HandshakeAllThreads
Event: 1.128 Executing VM operation: HandshakeAllThreads done
Event: 1.298 Executing VM operation: HandshakeAllThreads
Event: 1.298 Executing VM operation: HandshakeAllThreads done
Event: 1.298 Executing VM operation: Cleanup
Event: 1.298 Executing VM operation: Cleanup done
Event: 1.764 Executing VM operation: HandshakeAllThreads
Event: 1.764 Executing VM operation: HandshakeAllThreads done
Event: 1.915 Executing VM operation: HandshakeAllThreads
Event: 1.915 Executing VM operation: HandshakeAllThreads done
Event: 2.281 Executing VM operation: G1CollectForAllocation
Event: 2.290 Executing VM operation: G1CollectForAllocation done
Event: 2.290 Executing VM operation: HandshakeAllThreads
Event: 2.290 Executing VM operation: HandshakeAllThreads done

Events (13 events):
Event: 0.213 Thread 0x00000140963ff900 Thread added: 0x00000140963ff900
Event: 0.372 Thread 0x00000140b4361ce0 Thread added: 0x00000140b4361ce0
Event: 0.372 Thread 0x00000140b4362c70 Thread added: 0x00000140b4362c70
Event: 0.379 Thread 0x00000140b4368460 Thread added: 0x00000140b4368460
Event: 0.379 Thread 0x00000140b4368d90 Thread added: 0x00000140b4368d90
Event: 0.380 Thread 0x00000140b43696c0 Thread added: 0x00000140b43696c0
Event: 0.380 Thread 0x00000140b4369ff0 Thread added: 0x00000140b4369ff0
Event: 0.380 Thread 0x00000140b436ac50 Thread added: 0x00000140b436ac50
Event: 0.383 Thread 0x00000140b436cdf0 Thread added: 0x00000140b436cdf0
Event: 0.392 Thread 0x00000140b43a9730 Thread added: 0x00000140b43a9730
Event: 0.658 Thread 0x00000140b858c2b0 Thread added: 0x00000140b858c2b0
Event: 0.926 Thread 0x00000140b86c5a10 Thread added: 0x00000140b86c5a10
Event: 0.926 Thread 0x00000140b86c9ed0 Thread added: 0x00000140b86c9ed0


Dynamic libraries:
0x00007ff788550000 - 0x00007ff78855e000 	C:\Users\HP\.jdks\openjdk-19\bin\java.exe
0x00007ffa259b0000 - 0x00007ffa25ba8000 	C:\Windows\SYSTEM32\ntdll.dll
0x00007ffa25070000 - 0x00007ffa2512d000 	C:\Windows\System32\KERNEL32.DLL
0x00007ffa23740000 - 0x00007ffa23a0e000 	C:\Windows\System32\KERNELBASE.dll
0x00007ffa23640000 - 0x00007ffa23740000 	C:\Windows\System32\ucrtbase.dll
0x00007ffa1b610000 - 0x00007ffa1b627000 	C:\Users\HP\.jdks\openjdk-19\bin\jli.dll
0x00007ffa24ed0000 - 0x00007ffa25070000 	C:\Windows\System32\USER32.dll
0x00007ffa23610000 - 0x00007ffa23632000 	C:\Windows\System32\win32u.dll
0x00007ffa23ad0000 - 0x00007ffa23afa000 	C:\Windows\System32\GDI32.dll
0x00007ffa23260000 - 0x00007ffa2336b000 	C:\Windows\System32\gdi32full.dll
0x00007ffa23140000 - 0x00007ffa231dd000 	C:\Windows\System32\msvcp_win.dll
0x00007ffa16de0000 - 0x00007ffa16dfb000 	C:\Users\HP\.jdks\openjdk-19\bin\VCRUNTIME140.dll
0x00007ffa0fc00000 - 0x00007ffa0fe9a000 	C:\Windows\WinSxS\amd64_microsoft.windows.common-controls_6595b64144ccf1df_6.0.19041.1110_none_60b5254171f9507e\COMCTL32.dll
0x00007ffa23e90000 - 0x00007ffa23f2e000 	C:\Windows\System32\msvcrt.dll
0x00007ffa251a0000 - 0x00007ffa251d0000 	C:\Windows\System32\IMM32.DLL
0x00007ffa1bf90000 - 0x00007ffa1bf9c000 	C:\Users\HP\.jdks\openjdk-19\bin\vcruntime140_1.dll
0x00007ff9ff3c0000 - 0x00007ff9ff44e000 	C:\Users\HP\.jdks\openjdk-19\bin\msvcp140.dll
0x00007ff9d48e0000 - 0x00007ff9d55a0000 	C:\Users\HP\.jdks\openjdk-19\bin\server\jvm.dll
0x00007ffa23a10000 - 0x00007ffa23abe000 	C:\Windows\System32\ADVAPI32.dll
0x00007ffa251d0000 - 0x00007ffa2526c000 	C:\Windows\System32\sechost.dll
0x00007ffa24d20000 - 0x00007ffa24e45000 	C:\Windows\System32\RPCRT4.dll
0x00007ffa1de60000 - 0x00007ffa1de69000 	C:\Windows\SYSTEM32\WSOCK32.dll
0x00007ffa25130000 - 0x00007ffa2519b000 	C:\Windows\System32\WS2_32.dll
0x00007ffa06300000 - 0x00007ffa06327000 	C:\Windows\SYSTEM32\WINMM.dll
0x00007ffa171b0000 - 0x00007ffa171ba000 	C:\Windows\SYSTEM32\VERSION.dll
0x00007ffa20fc0000 - 0x00007ffa20fd2000 	C:\Windows\SYSTEM32\kernel.appcore.dll
0x00007ffa1ba10000 - 0x00007ffa1ba1a000 	C:\Users\HP\.jdks\openjdk-19\bin\jimage.dll
0x00007ffa10770000 - 0x00007ffa10954000 	C:\Windows\SYSTEM32\DBGHELP.DLL
0x00007ffa10520000 - 0x00007ffa1054c000 	C:\Windows\SYSTEM32\dbgcore.DLL
0x00007ffa23420000 - 0x00007ffa234a2000 	C:\Windows\System32\bcryptPrimitives.dll
0x00007ffa1bba0000 - 0x00007ffa1bbae000 	C:\Users\HP\.jdks\openjdk-19\bin\instrument.dll
0x00007ffa0f950000 - 0x00007ffa0f976000 	C:\Users\HP\.jdks\openjdk-19\bin\java.dll
0x00007ff9f7040000 - 0x00007ff9f7117000 	C:\Users\HP\.jdks\openjdk-19\bin\jsvml.dll
0x00007ffa241a0000 - 0x00007ffa248e3000 	C:\Windows\System32\SHELL32.dll
0x00007ffa211c0000 - 0x00007ffa21955000 	C:\Windows\SYSTEM32\windows.storage.dll
0x00007ffa249c0000 - 0x00007ffa24d14000 	C:\Windows\System32\combase.dll
0x00007ffa22b30000 - 0x00007ffa22b60000 	C:\Windows\SYSTEM32\Wldp.dll
0x00007ffa23de0000 - 0x00007ffa23e8d000 	C:\Windows\System32\SHCORE.dll
0x00007ffa25270000 - 0x00007ffa252c5000 	C:\Windows\System32\shlwapi.dll
0x00007ffa23010000 - 0x00007ffa2302f000 	C:\Windows\SYSTEM32\profapi.dll
0x00007ffa114c0000 - 0x00007ffa114d8000 	C:\Users\HP\.jdks\openjdk-19\bin\zip.dll
0x00007ffa16c40000 - 0x00007ffa16c53000 	C:\Users\HP\.jdks\openjdk-19\bin\net.dll
0x00007ffa13910000 - 0x00007ffa13a1a000 	C:\Windows\SYSTEM32\WINHTTP.dll
0x00007ffa22890000 - 0x00007ffa228fa000 	C:\Windows\system32\mswsock.dll
0x00007ffa16b70000 - 0x00007ffa16b86000 	C:\Users\HP\.jdks\openjdk-19\bin\nio.dll
0x00007ffa16a60000 - 0x00007ffa16a7a000 	C:\Program Files\JetBrains\IntelliJ IDEA Community Edition 2022.2.2\bin\breakgen64.dll
0x00007ffa1b820000 - 0x00007ffa1b828000 	C:\Users\HP\.jdks\openjdk-19\bin\extnet.dll
0x00007ffa16960000 - 0x00007ffa16970000 	C:\Users\HP\.jdks\openjdk-19\bin\verify.dll
0x00007ffa22a80000 - 0x00007ffa22a98000 	C:\Windows\SYSTEM32\CRYPTSP.dll
0x00007ffa221a0000 - 0x00007ffa221d4000 	C:\Windows\system32\rsaenh.dll
0x00007ffa231e0000 - 0x00007ffa23207000 	C:\Windows\System32\bcrypt.dll
0x00007ffa22fd0000 - 0x00007ffa22ffe000 	C:\Windows\SYSTEM32\USERENV.dll
0x00007ffa22aa0000 - 0x00007ffa22aac000 	C:\Windows\SYSTEM32\CRYPTBASE.dll
0x00007ffa22530000 - 0x00007ffa2256b000 	C:\Windows\SYSTEM32\IPHLPAPI.DLL
0x00007ffa248f0000 - 0x00007ffa248f8000 	C:\Windows\System32\NSI.dll
0x00007ffa19bf0000 - 0x00007ffa19c07000 	C:\Windows\SYSTEM32\dhcpcsvc6.DLL
0x00007ffa19e80000 - 0x00007ffa19e9d000 	C:\Windows\SYSTEM32\dhcpcsvc.DLL
0x00007ffa22580000 - 0x00007ffa2264a000 	C:\Windows\SYSTEM32\DNSAPI.dll
0x00007ffa1bb90000 - 0x00007ffa1bb9a000 	C:\Users\HP\AppData\Local\Temp\jansi-1.17.1-17883324474707843468.dll
0x00007ffa1b810000 - 0x00007ffa1b81a000 	C:\Users\HP\AppData\Local\Temp\jansi-1.17.1-272779037018469838.dll

dbghelp: loaded successfully - version: 4.0.5 - missing functions: none
symbol engine: initialized successfully - sym options: 0x614 - pdb path: .;C:\Users\HP\.jdks\openjdk-19\bin;C:\Windows\SYSTEM32;C:\Windows\WinSxS\amd64_microsoft.windows.common-controls_6595b64144ccf1df_6.0.19041.1110_none_60b5254171f9507e;C:\Users\HP\.jdks\openjdk-19\bin\server;C:\Program Files\JetBrains\IntelliJ IDEA Community Edition 2022.2.2\bin;C:\Users\HP\AppData\Local\Temp

VM Arguments:
jvm_args: -Dmaven.multiModuleProjectDirectory=E:\MyPlugin\mob_fan -Dmaven.home=C:\Program Files\JetBrains\IntelliJ IDEA Community Edition 2022.2.2\plugins\maven\lib\maven3 -Dclassworlds.conf=C:\Program Files\JetBrains\IntelliJ IDEA Community Edition 2022.2.2\plugins\maven\lib\maven3\bin\m2.conf -Dmaven.ext.class.path=C:\Program Files\JetBrains\IntelliJ IDEA Community Edition 2022.2.2\plugins\maven\lib\maven-event-listener.jar -javaagent:C:\Program Files\JetBrains\IntelliJ IDEA Community Edition 2022.2.2\lib\idea_rt.jar=61407:C:\Program Files\JetBrains\IntelliJ IDEA Community Edition 2022.2.2\bin -Dfile.encoding=UTF-8 -Dsun.stdout.encoding=UTF-8 -Dsun.stderr.encoding=UTF-8 
java_command: org.codehaus.classworlds.Launcher -Didea.version=2022.2.2 clean package
java_class_path (initial): C:\Program Files\JetBrains\IntelliJ IDEA Community Edition 2022.2.2\plugins\maven\lib\maven3\boot\plexus-classworlds-2.6.0.jar;C:\Program Files\JetBrains\IntelliJ IDEA Community Edition 2022.2.2\plugins\maven\lib\maven3\boot\plexus-classworlds.license
Launcher Type: SUN_STANDARD

[Global flags]
     intx CICompilerCount                          = 3                                         {product} {ergonomic}
     uint ConcGCThreads                            = 1                                         {product} {ergonomic}
     uint G1ConcRefinementThreads                  = 4                                         {product} {ergonomic}
   size_t G1HeapRegionSize                         = 1048576                                   {product} {ergonomic}
    uintx GCDrainStackTargetSize                   = 64                                        {product} {ergonomic}
   size_t InitialHeapSize                          = 134217728                                 {product} {ergonomic}
   size_t MarkStackSize                            = 4194304                                   {product} {ergonomic}
   size_t MaxHeapSize                              = 2122317824                                {product} {ergonomic}
   size_t MaxNewSize                               = 1272971264                                {product} {ergonomic}
   size_t MinHeapDeltaBytes                        = 1048576                                   {product} {ergonomic}
   size_t MinHeapSize                              = 8388608                                   {product} {ergonomic}
    uintx NonNMethodCodeHeapSize                   = 5832780                                {pd product} {ergonomic}
    uintx NonProfiledCodeHeapSize                  = 122912730                              {pd product} {ergonomic}
    uintx ProfiledCodeHeapSize                     = 122912730                              {pd product} {ergonomic}
    uintx ReservedCodeCacheSize                    = 251658240                              {pd product} {ergonomic}
     bool SegmentedCodeCache                       = true                                      {product} {ergonomic}
   size_t SoftMaxHeapSize                          = 2122317824                             {manageable} {ergonomic}
     bool UseCompressedClassPointers               = true                           {product lp64_product} {ergonomic}
     bool UseCompressedOops                        = true                           {product lp64_product} {ergonomic}
     bool UseG1GC                                  = true                                      {product} {ergonomic}
     bool UseLargePagesIndividualAllocation        = false                                  {pd product} {ergonomic}

Logging:
Log output configuration:
 #0: stdout all=warning uptime,level,tags foldmultilines=false
 #1: stderr all=off uptime,level,tags foldmultilines=false

Environment Variables:
PATH=C:\Program Files (x86)\Common Files\Oracle\Java\javapath;C:\Windows\system32;C:\Windows;C:\Windows\System32\Wbem;C:\Windows\System32\WindowsPowerShell\v1.0\;C:\Windows\System32\OpenSSH\;C:\Program Files\nodejs\;C:\Program Files\Git\cmd;C:\Users\HP\AppData\Local\Microsoft\WindowsApps;;C:\Users\HP\AppData\Local\Programs\Microsoft VS Code\bin;C:\Users\HP\AppData\Roaming\npm;C:\Program Files\JetBrains\IntelliJ IDEA Community Edition 2022.2.2\bin;
USERNAME=HP
OS=Windows_NT
PROCESSOR_IDENTIFIER=Intel64 Family 6 Model 69 Stepping 1, GenuineIntel
TMP=C:\Users\HP\AppData\Local\Temp
TEMP=C:\Users\HP\AppData\Local\Temp



---------------  S Y S T E M  ---------------

OS:
 Windows 10 , 64 bit Build 19041 (10.0.19041.1889)
OS uptime: 4 days 3:03 hours

CPU: total 4 (initial active 4) (2 cores per cpu, 2 threads per core) family 6 model 69 stepping 1 microcode 0x25, cx8, cmov, fxsr, ht, mmx, sse, sse2, sse3, ssse3, sse4.1, sse4.2, popcnt, lzcnt, tsc, tscinvbit, avx, avx2, aes, erms, clmul, bmi1, bmi2, fma, vzeroupper, clflush, rdtscp

Memory: 4k page, system-wide physical 8089M (366M free)
TotalPageFile size 20513M (AvailPageFile size 0M)
current process WorkingSet (physical memory assigned to process): 72M, peak: 72M
current process commit charge ("private bytes"): 220M, peak: 220M

vm_info: OpenJDK 64-Bit Server VM (19+36-2238) for windows-amd64 JRE (19+36-2238), built on 2022-08-12T20:29:01Z by "mach5one" with MS VC++ 17.1 (VS2022)

END.
